Added Component: Designator=1(SOT-223_AMS1117-3.3(Primary))
Added Component: Designator=C1(C_0805)
Added Component: Designator=C2(C_0805)
Added Component: Designator=C3(C_0805)
Added Component: Designator=C4(CAPR5-4X5)
Added Component: Designator=C5(CAPR5-4X5)
Added Component: Designator=C6(C_0805)
Added Component: Designator=C7(C_0805)
Added Component: Designator=C8(C_0805)
Added Component: Designator=C9(C_0805)
Added Component: Designator=C10(C_0805)
Added Component: Designator=C11(CAPR5-4X5)
Added Component: Designator=C12(CAPR5-4X5)
Added Component: Designator=C13(C_0805)
Added Component: Designator=C14(C_0805)
Added Component: Designator=C15(C_0805)
Added Component: Designator=C16(C_0805)
Added Component: Designator=C17(C_0805)
Added Component: Designator=C18(C_0805)
Added Component: Designator=C19(C_0805)
Added Component: Designator=C20(CAPR5-4X5)
Added Component: Designator=C21(C_0805)
Added Component: Designator=C22(C_0805)
Added Component: Designator=C23(C_0805)
Added Component: Designator=C24(C_0805)
Added Component: Designator=C25(C_0805)
Added Component: Designator=C26(C_0805)
Added Component: Designator=C27(C_0805)
Added Component: Designator=C28(C_0805)
Added Component: Designator=C29(C_0805)
Added Component: Designator=C30(C_0805)
Added Component: Designator=C31(C_0805)
Added Component: Designator=C32(C_0805)
Added Component: Designator=C33(C_0805)
Added Component: Designator=C34(C_0805)
Added Component: Designator=C35(C_0805)
Added Component: Designator=D1(LED-1)
Added Component: Designator=D2(LED-1)
Added Component: Designator=D3(LED-1)
Added Component: Designator=D4(LED-1)
Added Component: Designator=D5(24L01-2x4)
Added Component: Designator=D6(24L01-2x4)
Added Component: Designator=H1(J1x10)
Added Component: Designator=J1(Power-Jack)
Added Component: Designator=K1(Chinch Mono - 2)
Added Component: Designator=K2(Chinch Mono - 2)
Added Component: Designator=L1(L_SMD_4.8)
Added Component: Designator=L2(Dr-SD-75)
Added Component: Designator=P1(HDR1X3)
Added Component: Designator=Q1(HC49S)
Added Component: Designator=R1(R_0805)
Added Component: Designator=R2(R_0805)
Added Component: Designator=R3(R_0805)
Added Component: Designator=R4(R_0805)
Added Component: Designator=R5(R_0805)
Added Component: Designator=R6(R_0805)
Added Component: Designator=R7(R0805)
Added Component: Designator=R8(R_0805)
Added Component: Designator=R9(R_0805)
Added Component: Designator=R10(R_0805)
Added Component: Designator=R11(R0805)
Added Component: Designator=R12(R_0805)
Added Component: Designator=R13(R_0805)
Added Component: Designator=R14(R0805)
Added Component: Designator=R15(R_0805)
Added Component: Designator=R16(R_0805)
Added Component: Designator=R17(R0805)
Added Component: Designator=R18(R_0805)
Added Component: Designator=R19(R0805)
Added Component: Designator=R20(R0805)
Added Component: Designator=R21(R0805)
Added Component: Designator=R22(R0805)
Added Component: Designator=R23(R0805)
Added Component: Designator=R24(R0805)
Added Component: Designator=R25(R0805)
Added Component: Designator=R26(R0805)
Added Component: Designator=R27(R0805)
Added Component: Designator=R28(R0805)
Added Component: Designator=R29(R0805)
Added Component: Designator=R30(R0805)
Added Component: Designator=RP1(R-Tr 6LV)
Added Component: Designator=SB1(TS-06)
Added Component: Designator=SB2(TS-06)
Added Component: Designator=U1(SO8-150)
Added Component: Designator=U2(STM-LQFP64_N)
Added Component: Designator=U3(SO8-150)
Added Pin To Net: NetName=CE2 Pin=D6-3
Added Pin To Net: NetName=CE2 Pin=U2-43
Added Net: Name=CE2
Added Pin To Net: NetName=CE Pin=D5-3
Added Pin To Net: NetName=CE Pin=U2-17
Added Net: Name=CE
Added Pin To Net: NetName=CSN2 Pin=D6-4
Added Pin To Net: NetName=CSN2 Pin=U2-44
Added Net: Name=CSN2
Added Pin To Net: NetName=CSN Pin=D5-4
Added Pin To Net: NetName=CSN Pin=U2-20
Added Net: Name=CSN
Added Pin To Net: NetName=D4 Pin=H1-7
Added Pin To Net: NetName=D4 Pin=R27-1
Added Pin To Net: NetName=D4 Pin=U2-33
Added Net: Name=D4
Added Pin To Net: NetName=D5 Pin=H1-8
Added Pin To Net: NetName=D5 Pin=R28-1
Added Pin To Net: NetName=D5 Pin=U2-34
Added Net: Name=D5
Added Pin To Net: NetName=D6 Pin=H1-9
Added Pin To Net: NetName=D6 Pin=R29-1
Added Pin To Net: NetName=D6 Pin=U2-35
Added Net: Name=D6
Added Pin To Net: NetName=D7 Pin=H1-10
Added Pin To Net: NetName=D7 Pin=R30-1
Added Pin To Net: NetName=D7 Pin=U2-36
Added Net: Name=D7
Added Pin To Net: NetName=E Pin=H1-6
Added Pin To Net: NetName=E Pin=R26-1
Added Pin To Net: NetName=E Pin=U2-30
Added Net: Name=E
Added Pin To Net: NetName=GND Pin=1-1
Added Pin To Net: NetName=GND Pin=C2-1
Added Pin To Net: NetName=GND Pin=C3-1
Added Pin To Net: NetName=GND Pin=C4-2
Added Pin To Net: NetName=GND Pin=C5-2
Added Pin To Net: NetName=GND Pin=C7-1
Added Pin To Net: NetName=GND Pin=C10-1
Added Pin To Net: NetName=GND Pin=C11-2
Added Pin To Net: NetName=GND Pin=C12-2
Added Pin To Net: NetName=GND Pin=C14-1
Added Pin To Net: NetName=GND Pin=C16-1
Added Pin To Net: NetName=GND Pin=C17-1
Added Pin To Net: NetName=GND Pin=C18-1
Added Pin To Net: NetName=GND Pin=C19-1
Added Pin To Net: NetName=GND Pin=C20-2
Added Pin To Net: NetName=GND Pin=C21-1
Added Pin To Net: NetName=GND Pin=C22-1
Added Pin To Net: NetName=GND Pin=C23-2
Added Pin To Net: NetName=GND Pin=C24-2
Added Pin To Net: NetName=GND Pin=C25-1
Added Pin To Net: NetName=GND Pin=C26-1
Added Pin To Net: NetName=GND Pin=C29-1
Added Pin To Net: NetName=GND Pin=C30-1
Added Pin To Net: NetName=GND Pin=C31-1
Added Pin To Net: NetName=GND Pin=C32-1
Added Pin To Net: NetName=GND Pin=C33-1
Added Pin To Net: NetName=GND Pin=C34-1
Added Pin To Net: NetName=GND Pin=C35-1
Added Pin To Net: NetName=GND Pin=D5-2
Added Pin To Net: NetName=GND Pin=D6-2
Added Pin To Net: NetName=GND Pin=H1-1
Added Pin To Net: NetName=GND Pin=H1-5
Added Pin To Net: NetName=GND Pin=J1-1
Added Pin To Net: NetName=GND Pin=J1-2
Added Pin To Net: NetName=GND Pin=K1-2
Added Pin To Net: NetName=GND Pin=K1-2
Added Pin To Net: NetName=GND Pin=K1-2
Added Pin To Net: NetName=GND Pin=K2-2
Added Pin To Net: NetName=GND Pin=K2-2
Added Pin To Net: NetName=GND Pin=K2-2
Added Pin To Net: NetName=GND Pin=P1-1
Added Pin To Net: NetName=GND Pin=R2-1
Added Pin To Net: NetName=GND Pin=R7-1
Added Pin To Net: NetName=GND Pin=R9-1
Added Pin To Net: NetName=GND Pin=R10-1
Added Pin To Net: NetName=GND Pin=R11-1
Added Pin To Net: NetName=GND Pin=R14-1
Added Pin To Net: NetName=GND Pin=R17-1
Added Pin To Net: NetName=GND Pin=R18-1
Added Pin To Net: NetName=GND Pin=R23-2
Added Pin To Net: NetName=GND Pin=R24-2
Added Pin To Net: NetName=GND Pin=RP1-1
Added Pin To Net: NetName=GND Pin=U2-12
Added Pin To Net: NetName=GND Pin=U2-18
Added Pin To Net: NetName=GND Pin=U2-63
Added Net: Name=GND
Added Pin To Net: NetName=IRQ2 Pin=D6-8
Added Pin To Net: NetName=IRQ2 Pin=U2-42
Added Net: Name=IRQ2
Added Pin To Net: NetName=IRQ Pin=D5-8
Added Pin To Net: NetName=IRQ Pin=U2-16
Added Net: Name=IRQ
Added Pin To Net: NetName=MISO2 Pin=D6-7
Added Pin To Net: NetName=MISO2 Pin=U2-52
Added Net: Name=MISO2
Added Pin To Net: NetName=MISO Pin=D5-7
Added Pin To Net: NetName=MISO Pin=U2-22
Added Net: Name=MISO
Added Pin To Net: NetName=MOSI2 Pin=D6-6
Added Pin To Net: NetName=MOSI2 Pin=U2-53
Added Net: Name=MOSI2
Added Pin To Net: NetName=MOSI Pin=D5-6
Added Pin To Net: NetName=MOSI Pin=U2-23
Added Net: Name=MOSI
Added Pin To Net: NetName=MOUT1 Pin=C9-1
Added Pin To Net: NetName=MOUT1 Pin=U2-11
Added Pin To Net: NetName=MOUT1 Pin=U3-6
Added Pin To Net: NetName=MOUT1 Pin=U3-7
Added Net: Name=MOUT1
Added Pin To Net: NetName=MOUT2 Pin=C1-1
Added Pin To Net: NetName=MOUT2 Pin=U1-6
Added Pin To Net: NetName=MOUT2 Pin=U1-7
Added Pin To Net: NetName=MOUT2 Pin=U2-8
Added Net: Name=MOUT2
Added Pin To Net: NetName=NetC1_2 Pin=C1-2
Added Pin To Net: NetName=NetC1_2 Pin=R3-2
Added Pin To Net: NetName=NetC1_2 Pin=R4-1
Added Net: Name=NetC1_2
Added Pin To Net: NetName=NetC6_1 Pin=C6-1
Added Pin To Net: NetName=NetC6_1 Pin=K1-1
Added Net: Name=NetC6_1
Added Pin To Net: NetName=NetC6_2 Pin=C6-2
Added Pin To Net: NetName=NetC6_2 Pin=R5-1
Added Net: Name=NetC6_2
Added Pin To Net: NetName=NetC7_2 Pin=C7-2
Added Pin To Net: NetName=NetC7_2 Pin=R4-2
Added Pin To Net: NetName=NetC7_2 Pin=U1-5
Added Net: Name=NetC7_2
Added Pin To Net: NetName=NetC8_1 Pin=C8-1
Added Pin To Net: NetName=NetC8_1 Pin=R5-2
Added Pin To Net: NetName=NetC8_1 Pin=R6-1
Added Pin To Net: NetName=NetC8_1 Pin=U1-2
Added Net: Name=NetC8_1
Added Pin To Net: NetName=NetC8_2 Pin=C8-2
Added Pin To Net: NetName=NetC8_2 Pin=R3-1
Added Pin To Net: NetName=NetC8_2 Pin=R6-2
Added Pin To Net: NetName=NetC8_2 Pin=U1-1
Added Net: Name=NetC8_2
Added Pin To Net: NetName=NetC9_2 Pin=C9-2
Added Pin To Net: NetName=NetC9_2 Pin=R12-2
Added Pin To Net: NetName=NetC9_2 Pin=R13-1
Added Net: Name=NetC9_2
Added Pin To Net: NetName=NetC10_2 Pin=C10-2
Added Pin To Net: NetName=NetC10_2 Pin=C12-1
Added Pin To Net: NetName=NetC10_2 Pin=D5-1
Added Net: Name=NetC10_2
Added Pin To Net: NetName=NetC13_1 Pin=C13-1
Added Pin To Net: NetName=NetC13_1 Pin=K2-1
Added Net: Name=NetC13_1
Added Pin To Net: NetName=NetC13_2 Pin=C13-2
Added Pin To Net: NetName=NetC13_2 Pin=R15-1
Added Net: Name=NetC13_2
Added Pin To Net: NetName=NetC14_2 Pin=C14-2
Added Pin To Net: NetName=NetC14_2 Pin=R13-2
Added Pin To Net: NetName=NetC14_2 Pin=U3-5
Added Net: Name=NetC14_2
Added Pin To Net: NetName=NetC15_1 Pin=C15-1
Added Pin To Net: NetName=NetC15_1 Pin=R15-2
Added Pin To Net: NetName=NetC15_1 Pin=R16-1
Added Pin To Net: NetName=NetC15_1 Pin=U3-2
Added Net: Name=NetC15_1
Added Pin To Net: NetName=NetC15_2 Pin=C15-2
Added Pin To Net: NetName=NetC15_2 Pin=R12-1
Added Pin To Net: NetName=NetC15_2 Pin=R16-2
Added Pin To Net: NetName=NetC15_2 Pin=U3-1
Added Net: Name=NetC15_2
Added Pin To Net: NetName=NetC16_2 Pin=C16-2
Added Pin To Net: NetName=NetC16_2 Pin=Q1-1
Added Pin To Net: NetName=NetC16_2 Pin=U2-5
Added Net: Name=NetC16_2
Added Pin To Net: NetName=NetC17_2 Pin=C17-2
Added Pin To Net: NetName=NetC17_2 Pin=Q1-2
Added Pin To Net: NetName=NetC17_2 Pin=U2-6
Added Net: Name=NetC17_2
Added Pin To Net: NetName=NetC18_2 Pin=C18-2
Added Pin To Net: NetName=NetC18_2 Pin=U2-7
Added Net: Name=NetC18_2
Added Pin To Net: NetName=NetC21_2 Pin=C21-2
Added Pin To Net: NetName=NetC21_2 Pin=U2-47
Added Net: Name=NetC21_2
Added Pin To Net: NetName=NetC22_2 Pin=C22-2
Added Pin To Net: NetName=NetC22_2 Pin=U2-31
Added Net: Name=NetC22_2
Added Pin To Net: NetName=NetC25_2 Pin=C25-2
Added Pin To Net: NetName=NetC25_2 Pin=C26-2
Added Pin To Net: NetName=NetC25_2 Pin=L2-2
Added Pin To Net: NetName=NetC25_2 Pin=U2-13
Added Net: Name=NetC25_2
Added Pin To Net: NetName=NetC27_1 Pin=C27-1
Added Pin To Net: NetName=NetC27_1 Pin=R21-1
Added Pin To Net: NetName=NetC27_1 Pin=R23-1
Added Pin To Net: NetName=NetC27_1 Pin=SB1-2
Added Pin To Net: NetName=NetC27_1 Pin=SB1-2
Added Net: Name=NetC27_1
Added Pin To Net: NetName=NetC27_2 Pin=C27-2
Added Pin To Net: NetName=NetC27_2 Pin=R19-2
Added Net: Name=NetC27_2
Added Pin To Net: NetName=NetC28_1 Pin=C28-1
Added Pin To Net: NetName=NetC28_1 Pin=R22-1
Added Pin To Net: NetName=NetC28_1 Pin=R24-1
Added Pin To Net: NetName=NetC28_1 Pin=SB2-2
Added Pin To Net: NetName=NetC28_1 Pin=SB2-2
Added Net: Name=NetC28_1
Added Pin To Net: NetName=NetC28_2 Pin=C28-2
Added Pin To Net: NetName=NetC28_2 Pin=R20-2
Added Net: Name=NetC28_2
Added Pin To Net: NetName=NetD1_2 Pin=D1-2
Added Pin To Net: NetName=NetD1_2 Pin=R7-2
Added Net: Name=NetD1_2
Added Pin To Net: NetName=NetD2_1 Pin=D2-1
Added Pin To Net: NetName=NetD2_1 Pin=U2-57
Added Net: Name=NetD2_1
Added Pin To Net: NetName=NetD2_2 Pin=D2-2
Added Pin To Net: NetName=NetD2_2 Pin=R11-2
Added Net: Name=NetD2_2
Added Pin To Net: NetName=NetD3_1 Pin=D3-1
Added Pin To Net: NetName=NetD3_1 Pin=U2-58
Added Net: Name=NetD3_1
Added Pin To Net: NetName=NetD3_2 Pin=D3-2
Added Pin To Net: NetName=NetD3_2 Pin=R14-2
Added Net: Name=NetD3_2
Added Pin To Net: NetName=NetD4_1 Pin=D4-1
Added Pin To Net: NetName=NetD4_1 Pin=U2-59
Added Net: Name=NetD4_1
Added Pin To Net: NetName=NetD4_2 Pin=D4-2
Added Pin To Net: NetName=NetD4_2 Pin=R17-2
Added Net: Name=NetD4_2
Added Pin To Net: NetName=NetH1_3 Pin=H1-3
Added Pin To Net: NetName=NetH1_3 Pin=RP1-2
Added Net: Name=NetH1_3
Added Pin To Net: NetName=NetR1_2 Pin=R1-2
Added Pin To Net: NetName=NetR1_2 Pin=R2-2
Added Pin To Net: NetName=NetR1_2 Pin=U1-3
Added Net: Name=NetR1_2
Added Pin To Net: NetName=NetR8_2 Pin=R8-2
Added Pin To Net: NetName=NetR8_2 Pin=R10-2
Added Pin To Net: NetName=NetR8_2 Pin=U3-3
Added Net: Name=NetR8_2
Added Pin To Net: NetName=NetR9_2 Pin=R9-2
Added Pin To Net: NetName=NetR9_2 Pin=U2-28
Added Net: Name=NetR9_2
Added Pin To Net: NetName=NetR18_2 Pin=R18-2
Added Pin To Net: NetName=NetR18_2 Pin=U2-60
Added Net: Name=NetR18_2
Added Pin To Net: NetName=PB8 Pin=R21-2
Added Pin To Net: NetName=PB8 Pin=U2-61
Added Net: Name=PB8
Added Pin To Net: NetName=PB9 Pin=R22-2
Added Pin To Net: NetName=PB9 Pin=U2-62
Added Net: Name=PB9
Added Pin To Net: NetName=RS Pin=H1-4
Added Pin To Net: NetName=RS Pin=R25-1
Added Pin To Net: NetName=RS Pin=U2-29
Added Net: Name=RS
Added Pin To Net: NetName=SCK2 Pin=D6-5
Added Pin To Net: NetName=SCK2 Pin=U2-51
Added Net: Name=SCK2
Added Pin To Net: NetName=SCK Pin=D5-5
Added Pin To Net: NetName=SCK Pin=U2-21
Added Net: Name=SCK
Added Pin To Net: NetName=SWCLK Pin=P1-3
Added Pin To Net: NetName=SWCLK Pin=U2-49
Added Net: Name=SWCLK
Added Pin To Net: NetName=SWDAT Pin=P1-2
Added Pin To Net: NetName=SWDAT Pin=U2-46
Added Net: Name=SWDAT
Added Pin To Net: NetName=V+ Pin=U1-8
Added Pin To Net: NetName=V+ Pin=U3-8
Added Net: Name=V+
Added Pin To Net: NetName=V- Pin=U1-4
Added Pin To Net: NetName=V- Pin=U3-4
Added Net: Name=V-
Added Pin To Net: NetName=VCC 3.3V Pin=1-2
Added Pin To Net: NetName=VCC 3.3V Pin=1-2
Added Pin To Net: NetName=VCC 3.3V Pin=C3-2
Added Pin To Net: NetName=VCC 3.3V Pin=C4-1
Added Pin To Net: NetName=VCC 3.3V Pin=C11-1
Added Pin To Net: NetName=VCC 3.3V Pin=C19-2
Added Pin To Net: NetName=VCC 3.3V Pin=C20-1
Added Pin To Net: NetName=VCC 3.3V Pin=C23-1
Added Pin To Net: NetName=VCC 3.3V Pin=C24-1
Added Pin To Net: NetName=VCC 3.3V Pin=C29-2
Added Pin To Net: NetName=VCC 3.3V Pin=C30-2
Added Pin To Net: NetName=VCC 3.3V Pin=C31-2
Added Pin To Net: NetName=VCC 3.3V Pin=C32-2
Added Pin To Net: NetName=VCC 3.3V Pin=C33-2
Added Pin To Net: NetName=VCC 3.3V Pin=C34-2
Added Pin To Net: NetName=VCC 3.3V Pin=C35-2
Added Pin To Net: NetName=VCC 3.3V Pin=D1-1
Added Pin To Net: NetName=VCC 3.3V Pin=D6-1
Added Pin To Net: NetName=VCC 3.3V Pin=L2-1
Added Pin To Net: NetName=VCC 3.3V Pin=R1-1
Added Pin To Net: NetName=VCC 3.3V Pin=R8-1
Added Pin To Net: NetName=VCC 3.3V Pin=R19-1
Added Pin To Net: NetName=VCC 3.3V Pin=R20-1
Added Pin To Net: NetName=VCC 3.3V Pin=SB1-1
Added Pin To Net: NetName=VCC 3.3V Pin=SB1-1
Added Pin To Net: NetName=VCC 3.3V Pin=SB2-1
Added Pin To Net: NetName=VCC 3.3V Pin=SB2-1
Added Pin To Net: NetName=VCC 3.3V Pin=U2-1
Added Pin To Net: NetName=VCC 3.3V Pin=U2-19
Added Pin To Net: NetName=VCC 3.3V Pin=U2-32
Added Pin To Net: NetName=VCC 3.3V Pin=U2-48
Added Pin To Net: NetName=VCC 3.3V Pin=U2-64
Added Net: Name=VCC 3.3V
Added Pin To Net: NetName=VCC 5V Pin=1-3
Added Pin To Net: NetName=VCC 5V Pin=C2-2
Added Pin To Net: NetName=VCC 5V Pin=C5-1
Added Pin To Net: NetName=VCC 5V Pin=H1-2
Added Pin To Net: NetName=VCC 5V Pin=J1-3
Added Pin To Net: NetName=VCC 5V Pin=R25-2
Added Pin To Net: NetName=VCC 5V Pin=R26-2
Added Pin To Net: NetName=VCC 5V Pin=R27-2
Added Pin To Net: NetName=VCC 5V Pin=R28-2
Added Pin To Net: NetName=VCC 5V Pin=R29-2
Added Pin To Net: NetName=VCC 5V Pin=R30-2
Added Pin To Net: NetName=VCC 5V Pin=RP1-3
Added Net: Name=VCC 5V
Added Class: Name=Transmitter
Added Room: Name=Transmitter
