Removed Pin From Net: NetName=VCC 3.3V Pin=D1-1
Removed Pin From Net: NetName=GND Pin=R11-1
Removed Pin From Net: NetName=GND Pin=R14-1
Removed Pin From Net: NetName=GND Pin=R17-1
Removed Member From Class: ClassName=Transmitter Member=D3
Removed Member From Class: ClassName=Transmitter Member=D4
Removed Member From Class: ClassName=Transmitter Member=D5
Removed Member From Class: ClassName=Transmitter Member=D6
Change Component Designator: OldDesignator=D5 NewDesignator=D1
Change Component Designator: OldDesignator=D6 NewDesignator=D2
Change Component Designator: OldDesignator=R12 NewDesignator=R11
Change Component Designator: OldDesignator=R13 NewDesignator=R12
Change Component Designator: OldDesignator=R15 NewDesignator=R13
Change Component Designator: OldDesignator=R16 NewDesignator=R14
Change Component Designator: OldDesignator=R18 NewDesignator=R15
Change Component Designator: OldDesignator=R19 NewDesignator=R16
Change Component Designator: OldDesignator=R20 NewDesignator=R17
Change Component Designator: OldDesignator=R21 NewDesignator=R18
Change Component Designator: OldDesignator=R22 NewDesignator=R19
Change Component Designator: OldDesignator=R23 NewDesignator=R20
Change Component Designator: OldDesignator=R24 NewDesignator=R21
Added Component: Designator=LD1(Led d3mm Blue)
Added Component: Designator=LD2(Led d3mm Blue)
Added Component: Designator=LD3(Led d3mm Blue)
Added Component: Designator=LD4(Led d3mm Blue)
Added Component: Designator=R22(R0805)
Added Component: Designator=R23(R0805)
Added Component: Designator=R24(R0805)
Added Pin To Net: NetName=VCC 3.3V Pin=LD1-1
Added Pin To Net: NetName=VCC 3.3V Pin=R22-1
Added Pin To Net: NetName=VCC 3.3V Pin=R23-1
Added Pin To Net: NetName=VCC 3.3V Pin=R24-1
Change Net Name : Old Net Name=NetR18_2 New Net Name=NetR15_2
Added Pin To Net: NetName=LED1 Pin=LD2-2
Added Pin To Net: NetName=LED1 Pin=U2-59
Added Net: Name=LED1
Added Pin To Net: NetName=LED2 Pin=LD3-2
Added Pin To Net: NetName=LED2 Pin=U2-58
Added Net: Name=LED2
Added Pin To Net: NetName=LED3 Pin=LD4-2
Added Pin To Net: NetName=LED3 Pin=U2-57
Added Net: Name=LED3
Added Pin To Net: NetName=NetLD1_2 Pin=LD1-2
Added Pin To Net: NetName=NetLD1_2 Pin=R7-2
Added Net: Name=NetLD1_2
Added Pin To Net: NetName=NetLD2_1 Pin=LD2-1
Added Pin To Net: NetName=NetLD2_1 Pin=R22-2
Added Net: Name=NetLD2_1
Added Pin To Net: NetName=NetLD3_1 Pin=LD3-1
Added Pin To Net: NetName=NetLD3_1 Pin=R23-2
Added Net: Name=NetLD3_1
Added Pin To Net: NetName=NetLD4_1 Pin=LD4-1
Added Pin To Net: NetName=NetLD4_1 Pin=R24-2
Added Net: Name=NetLD4_1
Added Member To Class: ClassName=Transmitter Member=Component LD1 Led
Added Member To Class: ClassName=Transmitter Member=Component LD2 Led
Added Member To Class: ClassName=Transmitter Member=Component LD3 Led
Added Member To Class: ClassName=Transmitter Member=Component LD4 Led
