Removed Pin From Net: NetName=GND Pin=C2-1
Removed Pin From Net: NetName=VCC 5V Pin=C2-2
Removed Pin From Net: NetName=VCC 3.3V Pin=C4-1
Removed Pin From Net: NetName=GND Pin=C4-2
Change Component DesignItemId : Designator=C2 Old DesignItemId=C0805 New DesignItemId=10u-35V
Change Component DesignItemId : Designator=C5 Old DesignItemId=Cap2 New DesignItemId=10u-35V
Change Component DesignItemId : Designator=C11 Old DesignItemId=Cap2 New DesignItemId=10u-35V
Change Component DesignItemId : Designator=C12 Old DesignItemId=Cap2 New DesignItemId=10u-35V
Change Component DesignItemId : Designator=C20 Old DesignItemId=Cap2 New DesignItemId=10u-35V
Change Component Footprint: Designator=C2 Old Footprint=C_0805 New Footprint=El-d5-h11-F2.54
Change Component Footprint: Designator=C5 Old Footprint=CAPR5-4X5 New Footprint=El-d5-h11-F2.54
Change Component Footprint: Designator=C11 Old Footprint=CAPR5-4X5 New Footprint=El-d5-h11-F2.54
Change Component Footprint: Designator=C12 Old Footprint=CAPR5-4X5 New Footprint=El-d5-h11-F2.54
Change Component Footprint: Designator=C20 Old Footprint=CAPR5-4X5 New Footprint=El-d5-h11-F2.54
Change Component Comment : Designator=C2 Old Comment=100nF New Comment=100u
Change Component Comment : Designator=C5 Old Comment=Cap2 New Comment=100u
Change Component Comment : Designator=C11 Old Comment=Cap2 New Comment=100u
Change Component Comment : Designator=C12 Old Comment=Cap2 New Comment=100u
Change Component Comment : Designator=C20 Old Comment=Cap2 New Comment=100u
Change Component Designator: OldDesignator=C3 NewDesignator=C4
Added Component: Designator=C3(C_0805)
Added Pin To Net: NetName=VCC 3.3V Pin=C2-1
Added Pin To Net: NetName=GND Pin=C2-2
Added Pin To Net: NetName=GND Pin=C3-1
Added Pin To Net: NetName=VCC 5V Pin=C3-2
