Added Component: Designator=C1(C_0805)
Added Component: Designator=C2(C_0805)
Added Component: Designator=C3(C_0805)
Added Component: Designator=C4(C_0805)
Added Component: Designator=C5(C_0805)
Added Component: Designator=C6(C_0805)
Added Component: Designator=C7(C_0805)
Added Component: Designator=C8(C_0805)
Added Component: Designator=C9(RB7.6-15)
Added Component: Designator=C10(RB7.6-15)
Added Component: Designator=C11(C_0805)
Added Component: Designator=C12(RB7.6-15)
Added Component: Designator=C13(C_0805)
Added Component: Designator=C14(C_0805)
Added Component: Designator=C15(C_0805)
Added Component: Designator=C16(C_0805)
Added Component: Designator=C17(C_0805)
Added Component: Designator=C18(C_0805)
Added Component: Designator=C19(C_0805)
Added Component: Designator=C20(C_0805)
Added Component: Designator=C21(C_0805)
Added Component: Designator=C22(C_0805)
Added Component: Designator=C23(C_0805)
Added Component: Designator=D1(LED-1)
Added Component: Designator=D2(24L01-M)
Added Component: Designator=D3(LED-1)
Added Component: Designator=D4(LED-1)
Added Component: Designator=D5(miniSO-8)
Added Component: Designator=HG1(SA36-11 Green)
Added Component: Designator=J1(Jak-Ph St 12x12-Kl)
Added Component: Designator=L1(Dr-SD-75)
Added Component: Designator=P1(HDR1X5)
Added Component: Designator=P2(HDR1X2)
Added Component: Designator=Q1(HC49S)
Added Component: Designator=R1(R0805)
Added Component: Designator=R2(POT_3306F)
Added Component: Designator=R3(R0805)
Added Component: Designator=R4(R0805)
Added Component: Designator=R5(R0805)
Added Component: Designator=R6(R0805)
Added Component: Designator=R7(R0805)
Added Component: Designator=R8(R0805)
Added Component: Designator=R9(R0805)
Added Component: Designator=R10(R0805)
Added Component: Designator=R11(R0805)
Added Component: Designator=R12(R0805)
Added Component: Designator=R13(R0805)
Added Component: Designator=R14(R_0805)
Added Component: Designator=R15(R0805)
Added Component: Designator=R16(R0805)
Added Component: Designator=R17(R_0805)
Added Component: Designator=R18(R_0805)
Added Component: Designator=R19(R0805)
Added Component: Designator=R20(R0805)
Added Component: Designator=R21(R0805)
Added Component: Designator=R22(R0805)
Added Component: Designator=R23(R0805)
Added Component: Designator=R24(R0805)
Added Component: Designator=SB1(TS-02)
Added Component: Designator=SB2(TS-06)
Added Component: Designator=SB3(TS-06)
Added Component: Designator=SB4(TS-06)
Added Component: Designator=U1(SOT-23A-CB3_N)
Added Component: Designator=U2(STM-LQFP48_N)
Added Pin To Net: NetName=B Pin=D4-1
Added Pin To Net: NetName=B Pin=U2-31
Added Net: Name=B
Added Pin To Net: NetName=CE Pin=D2-3
Added Pin To Net: NetName=CE Pin=U2-12
Added Net: Name=CE
Added Pin To Net: NetName=CSN Pin=D2-4
Added Pin To Net: NetName=CSN Pin=U2-13
Added Net: Name=CSN
Added Pin To Net: NetName=DAC_OUT Pin=C12-2
Added Pin To Net: NetName=DAC_OUT Pin=U2-14
Added Net: Name=DAC_OUT
Added Pin To Net: NetName=GND Pin=C1-1
Added Pin To Net: NetName=GND Pin=C2-1
Added Pin To Net: NetName=GND Pin=C3-1
Added Pin To Net: NetName=GND Pin=C4-1
Added Pin To Net: NetName=GND Pin=C7-1
Added Pin To Net: NetName=GND Pin=C8-1
Added Pin To Net: NetName=GND Pin=C9-2
Added Pin To Net: NetName=GND Pin=C10-2
Added Pin To Net: NetName=GND Pin=C11-1
Added Pin To Net: NetName=GND Pin=C13-2
Added Pin To Net: NetName=GND Pin=C14-2
Added Pin To Net: NetName=GND Pin=C15-1
Added Pin To Net: NetName=GND Pin=C16-1
Added Pin To Net: NetName=GND Pin=C17-1
Added Pin To Net: NetName=GND Pin=C18-1
Added Pin To Net: NetName=GND Pin=C19-1
Added Pin To Net: NetName=GND Pin=C20-1
Added Pin To Net: NetName=GND Pin=C21-1
Added Pin To Net: NetName=GND Pin=C22-1
Added Pin To Net: NetName=GND Pin=C23-1
Added Pin To Net: NetName=GND Pin=D2-2
Added Pin To Net: NetName=GND Pin=D5-6
Added Pin To Net: NetName=GND Pin=HG1-1
Added Pin To Net: NetName=GND Pin=HG1-6
Added Pin To Net: NetName=GND Pin=P1-5
Added Pin To Net: NetName=GND Pin=P2-2
Added Pin To Net: NetName=GND Pin=R2-CCW
Added Pin To Net: NetName=GND Pin=R3-1
Added Pin To Net: NetName=GND Pin=R4-1
Added Pin To Net: NetName=GND Pin=R8-1
Added Pin To Net: NetName=GND Pin=R17-1
Added Pin To Net: NetName=GND Pin=R21-2
Added Pin To Net: NetName=GND Pin=R22-2
Added Pin To Net: NetName=GND Pin=SB4-2
Added Pin To Net: NetName=GND Pin=SB4-2
Added Pin To Net: NetName=GND Pin=U1-1
Added Pin To Net: NetName=GND Pin=U2-8
Added Pin To Net: NetName=GND Pin=U2-23
Added Pin To Net: NetName=GND Pin=U2-47
Added Net: Name=GND
Added Pin To Net: NetName=G Pin=D3-1
Added Pin To Net: NetName=G Pin=U2-30
Added Net: Name=G
Added Pin To Net: NetName=IRQ Pin=D2-8
Added Pin To Net: NetName=IRQ Pin=U2-11
Added Net: Name=IRQ
Added Pin To Net: NetName=JTCK Pin=P1-3
Added Pin To Net: NetName=JTCK Pin=U2-37
Added Net: Name=JTCK
Added Pin To Net: NetName=JTMS Pin=P1-2
Added Pin To Net: NetName=JTMS Pin=U2-34
Added Net: Name=JTMS
Added Pin To Net: NetName=MISO Pin=D2-7
Added Pin To Net: NetName=MISO Pin=U2-16
Added Net: Name=MISO
Added Pin To Net: NetName=MOSI Pin=D2-6
Added Pin To Net: NetName=MOSI Pin=U2-17
Added Net: Name=MOSI
Added Pin To Net: NetName=NetC4_2 Pin=C4-2
Added Pin To Net: NetName=NetC4_2 Pin=Q1-2
Added Pin To Net: NetName=NetC4_2 Pin=R14-1
Added Net: Name=NetC4_2
Added Pin To Net: NetName=NetC5_1 Pin=C5-1
Added Pin To Net: NetName=NetC5_1 Pin=R19-1
Added Pin To Net: NetName=NetC5_1 Pin=R21-1
Added Pin To Net: NetName=NetC5_1 Pin=SB2-2
Added Pin To Net: NetName=NetC5_1 Pin=SB2-2
Added Net: Name=NetC5_1
Added Pin To Net: NetName=NetC5_2 Pin=C5-2
Added Pin To Net: NetName=NetC5_2 Pin=R15-2
Added Net: Name=NetC5_2
Added Pin To Net: NetName=NetC6_1 Pin=C6-1
Added Pin To Net: NetName=NetC6_1 Pin=R20-1
Added Pin To Net: NetName=NetC6_1 Pin=R22-1
Added Pin To Net: NetName=NetC6_1 Pin=SB3-2
Added Pin To Net: NetName=NetC6_1 Pin=SB3-2
Added Net: Name=NetC6_1
Added Pin To Net: NetName=NetC6_2 Pin=C6-2
Added Pin To Net: NetName=NetC6_2 Pin=R16-2
Added Net: Name=NetC6_2
Added Pin To Net: NetName=NetC10_1 Pin=C10-1
Added Pin To Net: NetName=NetC10_1 Pin=D5-2
Added Net: Name=NetC10_1
Added Pin To Net: NetName=NetC12_1 Pin=C12-1
Added Pin To Net: NetName=NetC12_1 Pin=R23-2
Added Net: Name=NetC12_1
Added Pin To Net: NetName=NetC15_2 Pin=C15-2
Added Pin To Net: NetName=NetC15_2 Pin=C16-2
Added Pin To Net: NetName=NetC15_2 Pin=L1-2
Added Pin To Net: NetName=NetC15_2 Pin=U2-9
Added Net: Name=NetC15_2
Added Pin To Net: NetName=NetD1_2 Pin=D1-2
Added Pin To Net: NetName=NetD1_2 Pin=R3-2
Added Net: Name=NetD1_2
Added Pin To Net: NetName=NetD3_2 Pin=D3-2
Added Pin To Net: NetName=NetD3_2 Pin=R4-2
Added Net: Name=NetD3_2
Added Pin To Net: NetName=NetD4_2 Pin=D4-2
Added Pin To Net: NetName=NetD4_2 Pin=R8-2
Added Net: Name=NetD4_2
Added Pin To Net: NetName=NetD5_4 Pin=D5-4
Added Pin To Net: NetName=NetD5_4 Pin=R23-1
Added Pin To Net: NetName=NetD5_4 Pin=R24-2
Added Net: Name=NetD5_4
Added Pin To Net: NetName=NetD5_5 Pin=D5-5
Added Pin To Net: NetName=NetD5_5 Pin=J1-2
Added Pin To Net: NetName=NetD5_5 Pin=J1-3
Added Pin To Net: NetName=NetD5_5 Pin=J1-4
Added Pin To Net: NetName=NetD5_5 Pin=J1-5
Added Pin To Net: NetName=NetD5_5 Pin=R24-1
Added Net: Name=NetD5_5
Added Pin To Net: NetName=NetD5_8 Pin=D5-8
Added Pin To Net: NetName=NetD5_8 Pin=J1-1
Added Net: Name=NetD5_8
Added Pin To Net: NetName=NetHG1_2 Pin=HG1-2
Added Pin To Net: NetName=NetHG1_2 Pin=R11-1
Added Net: Name=NetHG1_2
Added Pin To Net: NetName=NetHG1_3 Pin=HG1-3
Added Pin To Net: NetName=NetHG1_3 Pin=R12-1
Added Net: Name=NetHG1_3
Added Pin To Net: NetName=NetHG1_4 Pin=HG1-4
Added Pin To Net: NetName=NetHG1_4 Pin=R10-1
Added Net: Name=NetHG1_4
Added Pin To Net: NetName=NetHG1_5 Pin=HG1-5
Added Pin To Net: NetName=NetHG1_5 Pin=R9-1
Added Net: Name=NetHG1_5
Added Pin To Net: NetName=NetHG1_7 Pin=HG1-7
Added Pin To Net: NetName=NetHG1_7 Pin=R13-1
Added Net: Name=NetHG1_7
Added Pin To Net: NetName=NetHG1_8 Pin=HG1-8
Added Pin To Net: NetName=NetHG1_8 Pin=R7-1
Added Net: Name=NetHG1_8
Added Pin To Net: NetName=NetHG1_9 Pin=HG1-9
Added Pin To Net: NetName=NetHG1_9 Pin=R6-1
Added Net: Name=NetHG1_9
Added Pin To Net: NetName=NetHG1_10 Pin=HG1-10
Added Pin To Net: NetName=NetHG1_10 Pin=R5-1
Added Net: Name=NetHG1_10
Added Pin To Net: NetName=NetP2_1 Pin=P2-1
Added Pin To Net: NetName=NetP2_1 Pin=SB1-1
Added Net: Name=NetP2_1
Added Pin To Net: NetName=NetR1_1 Pin=R1-1
Added Pin To Net: NetName=NetR1_1 Pin=R2-CW
Added Net: Name=NetR1_1
Added Pin To Net: NetName=NetR2_W Pin=R2-W
Added Pin To Net: NetName=NetR2_W Pin=U2-10
Added Net: Name=NetR2_W
Added Pin To Net: NetName=NetR5_2 Pin=R5-2
Added Pin To Net: NetName=NetR5_2 Pin=U2-18
Added Net: Name=NetR5_2
Added Pin To Net: NetName=NetR6_2 Pin=R6-2
Added Pin To Net: NetName=NetR6_2 Pin=U2-19
Added Net: Name=NetR6_2
Added Pin To Net: NetName=NetR7_2 Pin=R7-2
Added Pin To Net: NetName=NetR7_2 Pin=U2-20
Added Net: Name=NetR7_2
Added Pin To Net: NetName=NetR9_2 Pin=R9-2
Added Pin To Net: NetName=NetR9_2 Pin=U2-39
Added Net: Name=NetR9_2
Added Pin To Net: NetName=NetR10_2 Pin=R10-2
Added Pin To Net: NetName=NetR10_2 Pin=U2-40
Added Net: Name=NetR10_2
Added Pin To Net: NetName=NetR11_2 Pin=R11-2
Added Pin To Net: NetName=NetR11_2 Pin=U2-41
Added Net: Name=NetR11_2
Added Pin To Net: NetName=NetR12_2 Pin=R12-2
Added Pin To Net: NetName=NetR12_2 Pin=U2-42
Added Net: Name=NetR12_2
Added Pin To Net: NetName=NetR13_2 Pin=R13-2
Added Pin To Net: NetName=NetR13_2 Pin=U2-43
Added Net: Name=NetR13_2
Added Pin To Net: NetName=NetR17_2 Pin=R17-2
Added Pin To Net: NetName=NetR17_2 Pin=U2-44
Added Net: Name=NetR17_2
Added Pin To Net: NetName=OSC_IN Pin=C3-2
Added Pin To Net: NetName=OSC_IN Pin=Q1-1
Added Pin To Net: NetName=OSC_IN Pin=U2-5
Added Net: Name=OSC_IN
Added Pin To Net: NetName=OSC_OUT Pin=R14-2
Added Pin To Net: NetName=OSC_OUT Pin=U2-6
Added Net: Name=OSC_OUT
Added Pin To Net: NetName=PB8 Pin=R19-2
Added Pin To Net: NetName=PB8 Pin=U2-45
Added Net: Name=PB8
Added Pin To Net: NetName=PB9 Pin=R20-2
Added Pin To Net: NetName=PB9 Pin=U2-46
Added Net: Name=PB9
Added Pin To Net: NetName=RST Pin=C11-2
Added Pin To Net: NetName=RST Pin=P1-4
Added Pin To Net: NetName=RST Pin=R18-2
Added Pin To Net: NetName=RST Pin=SB4-1
Added Pin To Net: NetName=RST Pin=SB4-1
Added Pin To Net: NetName=RST Pin=U2-7
Added Net: Name=RST
Added Pin To Net: NetName=R Pin=D1-1
Added Pin To Net: NetName=R Pin=U2-29
Added Net: Name=R
Added Pin To Net: NetName=SCK Pin=D2-5
Added Pin To Net: NetName=SCK Pin=U2-15
Added Net: Name=SCK
Added Pin To Net: NetName=STANDBY Pin=D5-1
Added Pin To Net: NetName=STANDBY Pin=U2-28
Added Net: Name=STANDBY
Added Pin To Net: NetName=VCC 3.3V Pin=C2-2
Added Pin To Net: NetName=VCC 3.3V Pin=C7-2
Added Pin To Net: NetName=VCC 3.3V Pin=C8-2
Added Pin To Net: NetName=VCC 3.3V Pin=C9-1
Added Pin To Net: NetName=VCC 3.3V Pin=C13-1
Added Pin To Net: NetName=VCC 3.3V Pin=C14-1
Added Pin To Net: NetName=VCC 3.3V Pin=C17-2
Added Pin To Net: NetName=VCC 3.3V Pin=C18-2
Added Pin To Net: NetName=VCC 3.3V Pin=C19-2
Added Pin To Net: NetName=VCC 3.3V Pin=C20-2
Added Pin To Net: NetName=VCC 3.3V Pin=C21-2
Added Pin To Net: NetName=VCC 3.3V Pin=C22-2
Added Pin To Net: NetName=VCC 3.3V Pin=C23-2
Added Pin To Net: NetName=VCC 3.3V Pin=D2-1
Added Pin To Net: NetName=VCC 3.3V Pin=D5-7
Added Pin To Net: NetName=VCC 3.3V Pin=L1-1
Added Pin To Net: NetName=VCC 3.3V Pin=P1-1
Added Pin To Net: NetName=VCC 3.3V Pin=R15-1
Added Pin To Net: NetName=VCC 3.3V Pin=R16-1
Added Pin To Net: NetName=VCC 3.3V Pin=R18-1
Added Pin To Net: NetName=VCC 3.3V Pin=SB2-1
Added Pin To Net: NetName=VCC 3.3V Pin=SB2-1
Added Pin To Net: NetName=VCC 3.3V Pin=SB3-1
Added Pin To Net: NetName=VCC 3.3V Pin=SB3-1
Added Pin To Net: NetName=VCC 3.3V Pin=U1-2
Added Pin To Net: NetName=VCC 3.3V Pin=U2-1
Added Pin To Net: NetName=VCC 3.3V Pin=U2-24
Added Pin To Net: NetName=VCC 3.3V Pin=U2-36
Added Pin To Net: NetName=VCC 3.3V Pin=U2-48
Added Net: Name=VCC 3.3V
Added Pin To Net: NetName=VCC 4.5V Pin=C1-2
Added Pin To Net: NetName=VCC 4.5V Pin=R1-2
Added Pin To Net: NetName=VCC 4.5V Pin=SB1-2
Added Pin To Net: NetName=VCC 4.5V Pin=U1-3
Added Net: Name=VCC 4.5V
Added Class: Name=Transmitter
Added Room: Name=Transmitter
