Removed Pin From Net: NetName=GND Pin=C1-1
Removed Pin From Net: NetName=GND Pin=C2-1
Removed Pin From Net: NetName=VCC 3.3V Pin=C2-2
Removed Pin From Net: NetName=GND Pin=C3-1
Removed Pin From Net: NetName=OSC_IN Pin=C3-2
Removed Pin From Net: NetName=GND Pin=C4-1
Removed Pin From Net: NetName=GND Pin=C7-1
Removed Pin From Net: NetName=VCC 3.3V Pin=C7-2
Removed Pin From Net: NetName=GND Pin=C8-1
Removed Pin From Net: NetName=VCC 3.3V Pin=C8-2
Removed Pin From Net: NetName=NetC12_1 Pin=C12-1
Removed Pin From Net: NetName=DAC_OUT Pin=C12-2
Removed Pin From Net: NetName=VCC 3.3V Pin=L1-1
Removed Pin From Net: NetName=NetC15_2 Pin=L1-2
Removed Pin From Net: NetName=VCC 3.3V Pin=P1-1
Removed Pin From Net: NetName=RST Pin=P1-4
Removed Pin From Net: NetName=GND Pin=P1-5
Removed Pin From Net: NetName=NetD3_2 Pin=R4-2
Removed Pin From Net: NetName=NetD4_2 Pin=R8-2
Removed Pin From Net: NetName=NetC6_2 Pin=R16-2
Removed Pin From Net: NetName=NetC12_1 Pin=R23-2
Removed Pin From Net: NetName=IRQ Pin=U2-11
Removed Pin From Net: NetName=CE Pin=U2-12
Removed Pin From Net: NetName=CSN Pin=U2-13
Removed Pin From Net: NetName=SCK Pin=U2-15
Removed Pin From Net: NetName=MISO Pin=U2-16
Removed Pin From Net: NetName=MOSI Pin=U2-17
Removed Pin From Net: NetName=VCC 3.3V Pin=U2-36
Removed Member From Class: ClassName=Transmitter Member=C22
Removed Member From Class: ClassName=Transmitter Member=R21
Removed Member From Class: ClassName=Transmitter Member=R23
Change Component DesignItemId : Designator=SB2 Old DesignItemId=Buton TS-06 New DesignItemId=Buton TS-06V
Change Component DesignItemId : Designator=SB3 Old DesignItemId=Buton TS-06 New DesignItemId=Buton TS-06V
Change Component DesignItemId : Designator=C5 Old DesignItemId=C0805 New DesignItemId=100u-16V-105
Change Component DesignItemId : Designator=C1 Old DesignItemId=C0805 New DesignItemId=EL 10u/16V Tant.
Change Component DesignItemId : Designator=C2 Old DesignItemId=C0805 New DesignItemId=EL 10u/16V Tant.
Change Component DesignItemId : Designator=C3 Old DesignItemId=C0805 New DesignItemId=EL 10u/16V Tant.
Change Component DesignItemId : Designator=C4 Old DesignItemId=C0805 New DesignItemId=EL 10u/16V Tant.
Change Component DesignItemId : Designator=P1 Old DesignItemId=Header 5 New DesignItemId=Header 3
Change Component DesignItemId : Designator=L1 Old DesignItemId=L-SD-75 33uH New DesignItemId=L_SMD_5mm
Change Component DesignItemId : Designator=D1 Old DesignItemId=LED1 New DesignItemId=MC34119
Change Component DesignItemId : Designator=U2 Old DesignItemId=STM32F051C6T6 New DesignItemId=STM32F051C8T6
Change Component Footprint: Designator=C5 Old Footprint=C_0805 New Footprint=El-d5-h11-F2.54
Change Component Footprint: Designator=C1 Old Footprint=C_0805 New Footprint=EL Case A (3216-18)
Change Component Footprint: Designator=C2 Old Footprint=C_0805 New Footprint=EL Case A (3216-18)
Change Component Footprint: Designator=C3 Old Footprint=C_0805 New Footprint=EL Case A (3216-18)
Change Component Footprint: Designator=C4 Old Footprint=C_0805 New Footprint=EL Case A (3216-18)
Change Component Footprint: Designator=L1 Old Footprint=Dr-SD-75 New Footprint=L_SMD_4.8
Change Component Footprint: Designator=Q1 Old Footprint=HC49S New Footprint=HC49S_Q
Change Component Footprint: Designator=P1 Old Footprint=HDR1X5 New Footprint=HDR1X3
Change Component Footprint: Designator=D1 Old Footprint=LED-1 New Footprint=SO-8
Change Component Comment : Designator=R23 Old Comment=0 New Comment=3k
Change Component Comment : Designator=C1 Old Comment=1uF New Comment=4.7u
Change Component Comment : Designator=C2 Old Comment=1uF New Comment=4.7u
Change Component Comment : Designator=C7 Old Comment=4.7uF New Comment=100nF
Change Component Comment : Designator=C4 Old Comment=20pF New Comment=1u
Change Component Comment : Designator=C3 Old Comment=20pF New Comment=4.7u
Change Component Comment : Designator=L1 Old Comment=33u New Comment=L_SMD_5mm
Change Component Comment : Designator=C5 Old Comment=100nF New Comment=100u
Change Component Comment : Designator=D1 Old Comment=LED1 New Comment=MC34119
Change Component Comment : Designator=U2 Old Comment=STM32F051C6T6 New Comment=STM32F051C8T6
Change Component Comment : Designator=SB2 Old Comment=TS-06 New Comment=TS06V
Change Component Comment : Designator=SB3 Old Comment=TS-06 New Comment=TS06V
Change Component Comment : Designator=R24 Old Comment=Сделать разрыв New Comment=
Change Component Designator: OldDesignator=C11 NewDesignator=C10
Change Component Designator: OldDesignator=C13 NewDesignator=C14
Change Component Designator: OldDesignator=C14 NewDesignator=C15
Change Component Designator: OldDesignator=C15 NewDesignator=C20
Change Component Designator: OldDesignator=C16 NewDesignator=C21
Change Component Designator: OldDesignator=C17 NewDesignator=C16
Change Component Designator: OldDesignator=C19 NewDesignator=C17
Change Component Designator: OldDesignator=C20 NewDesignator=C18
Change Component Designator: OldDesignator=C22 NewDesignator=C19
Change Component Designator: OldDesignator=P1 NewDesignator=P2
Change Component Designator: OldDesignator=P2 NewDesignator=P1
Change Component Designator: OldDesignator=R8 NewDesignator=R10
Change Component Designator: OldDesignator=R14 NewDesignator=R8
Change Component Designator: OldDesignator=R15 NewDesignator=R13
Change Component Designator: OldDesignator=R16 NewDesignator=R14
Change Component Designator: OldDesignator=R17 NewDesignator=R6
Change Component Designator: OldDesignator=R18 NewDesignator=R9
Change Component Designator: OldDesignator=R19 NewDesignator=R16
Change Component Designator: OldDesignator=R20 NewDesignator=R17
Change Component Designator: OldDesignator=R21 NewDesignator=R19
Change Component Designator: OldDesignator=R22 NewDesignator=R20
Change Component Designator: OldDesignator=R23 NewDesignator=R1
Change Component Designator: OldDesignator=R24 NewDesignator=R2
Change Component Designator: OldDesignator=SB4 NewDesignator=SB1
Change Component Designator: OldDesignator=U2 NewDesignator=U1
Change Component Description : Designator=U1 Old Description=ARM Cortex-M0 32-bit MCU, 32 KB Flash, 4 KB Internal RAM, 39 I/Os, 48-pin LQFP, -40 to 85 degC, Tray New Description=ARM Cortex-M0 32-bit MCU, 64 KB Flash, 8 KB Internal RAM, 39 I/Os, 48-pin LQFP, -40 to 85 degC, Tray
Added Component: Designator=C8(C_0805)
Added Component: Designator=C9(C_0805)
Added Component: Designator=C11(C_0805)
Added Component: Designator=C12(C_0805)
Added Component: Designator=C13(C_0805)
Added Component: Designator=D5(LED-1)
Added Component: Designator=D6(LED-1)
Added Component: Designator=D7(LED-1)
Added Component: Designator=D8(LED-1)
Added Component: Designator=J1(PowerNokia)
Added Component: Designator=J2(MonoJack3.5)
Added Component: Designator=R5(R0805)
Added Component: Designator=R7(R0805)
Added Component: Designator=R11(R0805)
Added Component: Designator=R12(R0805)
Added Component: Designator=R15(R0805)
Added Component: Designator=R18(R0805)
Added Component: Designator=SA1(switchSplit_13mm)
Added Component: Designator=SB4(TS-06V)
Added Pin To Net: NetName=VCC 3.3V Pin=C1-1
Added Pin To Net: NetName=GND Pin=C1-2
Added Pin To Net: NetName=VCC 3.3V Pin=C2-1
Added Pin To Net: NetName=GND Pin=C2-2
Added Pin To Net: NetName=GND Pin=C3-2
Added Pin To Net: NetName=GND Pin=C4-2
Added Pin To Net: NetName=VCC 3.3V Pin=C5-1
Added Pin To Net: NetName=GND Pin=C5-2
Added Pin To Net: NetName=DAC_OUT Pin=C6-1
Added Pin To Net: NetName=GND Pin=C8-1
Added Pin To Net: NetName=OSC_IN Pin=C8-2
Added Pin To Net: NetName=GND Pin=C9-1
Added Pin To Net: NetName=NetC12_1 Pin=C12-1
Added Pin To Net: NetName=GND Pin=D1-1
Added Pin To Net: NetName=VCC 3.3V Pin=D1-6
Added Pin To Net: NetName=GND Pin=D1-7
Added Pin To Net: NetName=GND Pin=J1-1
Added Pin To Net: NetName=GND Pin=J1-2
Added Pin To Net: NetName=GND Pin=P2-1
Added Pin To Net: NetName=NetC6_2 Pin=R1-2
Added Pin To Net: NetName=NetD3_2 Pin=R3-2
Added Pin To Net: NetName=NetD4_2 Pin=R4-2
Added Pin To Net: NetName=GND Pin=R5-1
Added Pin To Net: NetName=GND Pin=R7-1
Added Pin To Net: NetName=GND Pin=R11-1
Added Pin To Net: NetName=VCC 3.3V Pin=R12-1
Added Pin To Net: NetName=NetC12_1 Pin=R16-1
Added Pin To Net: NetName=GND Pin=R18-2
Added Pin To Net: NetName=NetC12_1 Pin=R19-1
Added Pin To Net: NetName=VCC 3.3V Pin=SA1-3
Added Pin To Net: NetName=NetC12_1 Pin=SB3-2
Added Pin To Net: NetName=NetC12_1 Pin=SB3-2
Added Pin To Net: NetName=VCC 3.3V Pin=SB4-1
Added Pin To Net: NetName=SCK Pin=U1-26
Added Pin To Net: NetName=MISO Pin=U1-27
Added Pin To Net: NetName=MOSI Pin=U1-28
Added Pin To Net: NetName=IRQ Pin=U1-29
Added Pin To Net: NetName=CE Pin=U1-30
Added Pin To Net: NetName=CSN Pin=U1-31
Change Net Name : Old Net Name=JTCK New Net Name=SWCLK
Change Net Name : Old Net Name=JTMS New Net Name=SWDAT
Change Net Name : Old Net Name=NetC15_2 New Net Name=NetC20_2
Change Net Name : Old Net Name=NetR17_2 New Net Name=NetR6_2
Change Net Name : Old Net Name=RST New Net Name=NetC10_2
Change Net Name : Old Net Name=VCC 3.3V New Net Name=VCC 3.6V
Added Pin To Net: NetName=BAT_LOW Pin=D4-1
Added Pin To Net: NetName=BAT_LOW Pin=U1-17
Added Net: Name=BAT_LOW
Added Pin To Net: NetName=CH1 Pin=D5-1
Added Pin To Net: NetName=CH1 Pin=U1-19
Added Net: Name=CH1
Added Pin To Net: NetName=CH2 Pin=D6-1
Added Pin To Net: NetName=CH2 Pin=U1-20
Added Net: Name=CH2
Added Pin To Net: NetName=CH3 Pin=D7-1
Added Pin To Net: NetName=CH3 Pin=U1-21
Added Net: Name=CH3
Added Pin To Net: NetName=CH4 Pin=D8-1
Added Pin To Net: NetName=CH4 Pin=U1-22
Added Net: Name=CH4
Added Pin To Net: NetName=CH_CHNG Pin=R15-2
Added Pin To Net: NetName=CH_CHNG Pin=U1-25
Added Net: Name=CH_CHNG
Added Pin To Net: NetName=NetC3_1 Pin=C3-1
Added Pin To Net: NetName=NetC3_1 Pin=D1-2
Added Net: Name=NetC3_1
Added Pin To Net: NetName=NetC4_1 Pin=C4-1
Added Pin To Net: NetName=NetC4_1 Pin=D1-3
Added Net: Name=NetC4_1
Added Pin To Net: NetName=NetC7_1 Pin=C7-1
Added Pin To Net: NetName=NetC7_1 Pin=D1-4
Added Pin To Net: NetName=NetC7_1 Pin=R1-1
Added Pin To Net: NetName=NetC7_1 Pin=R2-2
Added Net: Name=NetC7_1
Added Pin To Net: NetName=NetC7_2 Pin=C7-2
Added Pin To Net: NetName=NetC7_2 Pin=D1-5
Added Pin To Net: NetName=NetC7_2 Pin=J2-1
Added Pin To Net: NetName=NetC7_2 Pin=J2-2
Added Pin To Net: NetName=NetC7_2 Pin=R2-1
Added Net: Name=NetC7_2
Added Pin To Net: NetName=NetC9_2 Pin=C9-2
Added Pin To Net: NetName=NetC9_2 Pin=Q1-2
Added Pin To Net: NetName=NetC9_2 Pin=R8-1
Added Net: Name=NetC9_2
Added Pin To Net: NetName=NetC11_1 Pin=C11-1
Added Pin To Net: NetName=NetC11_1 Pin=R15-1
Added Pin To Net: NetName=NetC11_1 Pin=R18-1
Added Pin To Net: NetName=NetC11_1 Pin=SB2-2
Added Pin To Net: NetName=NetC11_1 Pin=SB2-2
Added Net: Name=NetC11_1
Added Pin To Net: NetName=NetC11_2 Pin=C11-2
Added Pin To Net: NetName=NetC11_2 Pin=R12-2
Added Net: Name=NetC11_2
Added Pin To Net: NetName=NetC12_2 Pin=C12-2
Added Pin To Net: NetName=NetC12_2 Pin=R13-2
Added Net: Name=NetC12_2
Added Pin To Net: NetName=NetC13_1 Pin=C13-1
Added Pin To Net: NetName=NetC13_1 Pin=R17-1
Added Pin To Net: NetName=NetC13_1 Pin=R20-1
Added Pin To Net: NetName=NetC13_1 Pin=SB4-2
Added Net: Name=NetC13_1
Added Pin To Net: NetName=NetC13_2 Pin=C13-2
Added Pin To Net: NetName=NetC13_2 Pin=R14-2
Added Net: Name=NetC13_2
Added Pin To Net: NetName=NetD1_8 Pin=D1-8
Added Pin To Net: NetName=NetD1_8 Pin=J2-3
Added Net: Name=NetD1_8
Added Pin To Net: NetName=NetD5_2 Pin=D5-2
Added Pin To Net: NetName=NetD5_2 Pin=R5-2
Added Net: Name=NetD5_2
Added Pin To Net: NetName=NetD6_2 Pin=D6-2
Added Pin To Net: NetName=NetD6_2 Pin=R7-2
Added Net: Name=NetD6_2
Added Pin To Net: NetName=NetD7_2 Pin=D7-2
Added Pin To Net: NetName=NetD7_2 Pin=R10-2
Added Net: Name=NetD7_2
Added Pin To Net: NetName=NetD8_2 Pin=D8-2
Added Pin To Net: NetName=NetD8_2 Pin=R11-2
Added Net: Name=NetD8_2
Added Pin To Net: NetName=NetJ1_3 Pin=J1-3
Added Pin To Net: NetName=NetJ1_3 Pin=SA1-1
Added Net: Name=NetJ1_3
Added Pin To Net: NetName=NetP1_1 Pin=P1-1
Added Pin To Net: NetName=NetP1_1 Pin=SA1-2
Added Net: Name=NetP1_1
Added Pin To Net: NetName=RX Pin=D3-1
Added Pin To Net: NetName=RX Pin=U1-16
Added Net: Name=RX
Added Pin To Net: NetName=VOL_DWN Pin=R16-2
Added Pin To Net: NetName=VOL_DWN Pin=U1-46
Added Net: Name=VOL_DWN
Added Pin To Net: NetName=VOL_UP Pin=R17-2
Added Pin To Net: NetName=VOL_UP Pin=U1-45
Added Net: Name=VOL_UP
Added Member To Class: ClassName=Transmitter Member=Component C9 20pF
Added Member To Class: ClassName=Transmitter Member=Component C11 100nF
Added Member To Class: ClassName=Transmitter Member=Component C20 1uF
Added Member To Class: ClassName=Transmitter Member=Component C21 100nF
Added Member To Class: ClassName=Transmitter Member=Component D5 LED1
Added Member To Class: ClassName=Transmitter Member=Component D6 LED1
Added Member To Class: ClassName=Transmitter Member=Component D7 LED1
Added Member To Class: ClassName=Transmitter Member=Component D8 LED1
Added Member To Class: ClassName=Transmitter Member=Component J1 PWR_nokia
Added Member To Class: ClassName=Transmitter Member=Component J2 MonoJack3.5
Added Member To Class: ClassName=Transmitter Member=Component R5 300
Added Member To Class: ClassName=Transmitter Member=Component R7 300
Added Member To Class: ClassName=Transmitter Member=Component R10 300
Added Member To Class: ClassName=Transmitter Member=Component R11 300
Added Member To Class: ClassName=Transmitter Member=Component R12 100
Added Member To Class: ClassName=Transmitter Member=Component R15 330
Added Member To Class: ClassName=Transmitter Member=Component R18 330
Added Member To Class: ClassName=Transmitter Member=Component SA1 switchSlide
Added Member To Class: ClassName=Transmitter Member=Component SB4 TS06V
Added Room: Name=Transmitter
