Added Component: Designator=C1(EL Case A (3216-18))
Added Component: Designator=C2(EL Case A (3216-18))
Added Component: Designator=C3(EL Case A (3216-18))
Added Component: Designator=C4(EL Case A (3216-18))
Added Component: Designator=C5(El-d5-h11-F2.54)
Added Component: Designator=C6(C_0805)
Added Component: Designator=C7(C_0805)
Added Component: Designator=C10(C_0805)
Added Component: Designator=C14(C_0805)
Added Component: Designator=C15(C_0805)
Added Component: Designator=C16(C_0805)
Added Component: Designator=C17(C_0805)
Added Component: Designator=C18(C_0805)
Added Component: Designator=C19(C_0805)
Added Component: Designator=C20(C_0805)
Added Component: Designator=C21(C_0805)
Added Component: Designator=D1(SO-8)
Added Component: Designator=D2(24L01-M)
Added Component: Designator=D3(LED-1)
Added Component: Designator=D4(LED-1)
Added Component: Designator=L1(L_SMD_4.8)
Added Component: Designator=P1(HDR1X2)
Added Component: Designator=P2(HDR1X3)
Added Component: Designator=Q1(HC49S_Q)
Added Component: Designator=R1(R0805)
Added Component: Designator=R2(R0805)
Added Component: Designator=R3(R0805)
Added Component: Designator=R4(R0805)
Added Component: Designator=R6(R_0805)
Added Component: Designator=R8(R_0805)
Added Component: Designator=R9(R_0805)
Added Component: Designator=R10(R0805)
Added Component: Designator=R13(R0805)
Added Component: Designator=R14(R0805)
Added Component: Designator=R16(R0805)
Added Component: Designator=R17(R0805)
Added Component: Designator=R19(R0805)
Added Component: Designator=R20(R0805)
Added Component: Designator=SB1(TS-06)
Added Component: Designator=SB2(TS-06V)
Added Component: Designator=SB3(TS-06V)
Added Component: Designator=U1(STM-LQFP48_N)
Added Pin To Net: NetName=VCC 3.6V Pin=C1-1
Added Pin To Net: NetName=GND Pin=C1-2
Added Pin To Net: NetName=VCC 3.6V Pin=C2-1
Added Pin To Net: NetName=GND Pin=C2-2
Added Pin To Net: NetName=NetC3_1 Pin=C3-1
Added Pin To Net: NetName=GND Pin=C3-2
Added Pin To Net: NetName=NetC4_1 Pin=C4-1
Added Pin To Net: NetName=GND Pin=C4-2
Added Pin To Net: NetName=VCC 3.6V Pin=C5-1
Added Pin To Net: NetName=GND Pin=C5-2
Added Pin To Net: NetName=DAC_OUT Pin=C6-1
Added Pin To Net: NetName=NetC6_2 Pin=C6-2
Added Pin To Net: NetName=NetC7_1 Pin=C7-1
Added Pin To Net: NetName=NetC7_2 Pin=C7-2
Added Pin To Net: NetName=GND Pin=C10-1
Added Pin To Net: NetName=NetC10_2 Pin=C10-2
Added Pin To Net: NetName=VCC 3.6V Pin=C14-1
Added Pin To Net: NetName=GND Pin=C14-2
Added Pin To Net: NetName=VCC 3.6V Pin=C15-1
Added Pin To Net: NetName=GND Pin=C15-2
Added Pin To Net: NetName=GND Pin=C16-1
Added Pin To Net: NetName=VCC 3.6V Pin=C16-2
Added Pin To Net: NetName=GND Pin=C17-1
Added Pin To Net: NetName=VCC 3.6V Pin=C17-2
Added Pin To Net: NetName=GND Pin=C18-1
Added Pin To Net: NetName=VCC 3.6V Pin=C18-2
Added Pin To Net: NetName=GND Pin=C19-1
Added Pin To Net: NetName=VCC 3.6V Pin=C19-2
Added Pin To Net: NetName=GND Pin=C20-1
Added Pin To Net: NetName=NetC20_2 Pin=C20-2
Added Pin To Net: NetName=GND Pin=C21-1
Added Pin To Net: NetName=NetC20_2 Pin=C21-2
Added Pin To Net: NetName=GND Pin=D1-1
Added Pin To Net: NetName=NetC3_1 Pin=D1-2
Added Pin To Net: NetName=NetC4_1 Pin=D1-3
Added Pin To Net: NetName=NetC7_1 Pin=D1-4
Added Pin To Net: NetName=NetC7_2 Pin=D1-5
Added Pin To Net: NetName=VCC 3.6V Pin=D1-6
Added Pin To Net: NetName=GND Pin=D1-7
Added Pin To Net: NetName=NetD1_8 Pin=D1-8
Added Pin To Net: NetName=VCC 3.6V Pin=D2-1
Added Pin To Net: NetName=GND Pin=D2-2
Added Pin To Net: NetName=CE Pin=D2-3
Added Pin To Net: NetName=CSN Pin=D2-4
Added Pin To Net: NetName=SCK Pin=D2-5
Added Pin To Net: NetName=MOSI Pin=D2-6
Added Pin To Net: NetName=MISO Pin=D2-7
Added Pin To Net: NetName=IRQ Pin=D2-8
Added Pin To Net: NetName=RX Pin=D3-1
Added Pin To Net: NetName=NetD3_2 Pin=D3-2
Added Pin To Net: NetName=BAT_LOW Pin=D4-1
Added Pin To Net: NetName=NetD4_2 Pin=D4-2
Added Pin To Net: NetName=NetP1_1 Pin=P1-1
Added Pin To Net: NetName=GND Pin=P1-2
Added Pin To Net: NetName=GND Pin=P2-1
Added Pin To Net: NetName=SWDAT Pin=P2-2
Added Pin To Net: NetName=SWCLK Pin=P2-3
Added Pin To Net: NetName=OSC_IN Pin=Q1-1
Added Pin To Net: NetName=NetC9_2 Pin=Q1-2
Added Pin To Net: NetName=NetC7_1 Pin=R1-1
Added Pin To Net: NetName=NetC6_2 Pin=R1-2
Added Pin To Net: NetName=NetC7_2 Pin=R2-1
Added Pin To Net: NetName=NetC7_1 Pin=R2-2
Added Pin To Net: NetName=GND Pin=R3-1
Added Pin To Net: NetName=NetD3_2 Pin=R3-2
Added Pin To Net: NetName=GND Pin=R4-1
Added Pin To Net: NetName=NetD4_2 Pin=R4-2
Added Pin To Net: NetName=GND Pin=R6-1
Added Pin To Net: NetName=NetR6_2 Pin=R6-2
Added Pin To Net: NetName=NetC9_2 Pin=R8-1
Added Pin To Net: NetName=OSC_OUT Pin=R8-2
Added Pin To Net: NetName=VCC 3.6V Pin=R9-1
Added Pin To Net: NetName=NetC10_2 Pin=R9-2
Added Pin To Net: NetName=GND Pin=R10-1
Added Pin To Net: NetName=NetD7_2 Pin=R10-2
Added Pin To Net: NetName=VCC 3.6V Pin=R13-1
Added Pin To Net: NetName=NetC12_2 Pin=R13-2
Added Pin To Net: NetName=VCC 3.6V Pin=R14-1
Added Pin To Net: NetName=NetC13_2 Pin=R14-2
Added Pin To Net: NetName=NetC12_1 Pin=R16-1
Added Pin To Net: NetName=VOL_DWN Pin=R16-2
Added Pin To Net: NetName=NetC13_1 Pin=R17-1
Added Pin To Net: NetName=VOL_UP Pin=R17-2
Added Pin To Net: NetName=NetC12_1 Pin=R19-1
Added Pin To Net: NetName=GND Pin=R19-2
Added Pin To Net: NetName=NetC13_1 Pin=R20-1
Added Pin To Net: NetName=GND Pin=R20-2
Added Pin To Net: NetName=NetC10_2 Pin=SB1-1
Added Pin To Net: NetName=NetC10_2 Pin=SB1-1
Added Pin To Net: NetName=GND Pin=SB1-2
Added Pin To Net: NetName=GND Pin=SB1-2
Added Pin To Net: NetName=VCC 3.6V Pin=SB2-1
Added Pin To Net: NetName=NetC11_1 Pin=SB2-2
Added Pin To Net: NetName=VCC 3.6V Pin=SB3-1
Added Pin To Net: NetName=NetC12_1 Pin=SB3-2
Added Pin To Net: NetName=VCC 3.6V Pin=U1-1
Added Pin To Net: NetName=OSC_IN Pin=U1-5
Added Pin To Net: NetName=OSC_OUT Pin=U1-6
Added Pin To Net: NetName=NetC10_2 Pin=U1-7
Added Pin To Net: NetName=GND Pin=U1-8
Added Pin To Net: NetName=NetC20_2 Pin=U1-9
Added Pin To Net: NetName=DAC_OUT Pin=U1-14
Added Pin To Net: NetName=RX Pin=U1-16
Added Pin To Net: NetName=BAT_LOW Pin=U1-17
Added Pin To Net: NetName=CH1 Pin=U1-19
Added Pin To Net: NetName=CH2 Pin=U1-20
Added Pin To Net: NetName=CH3 Pin=U1-21
Added Pin To Net: NetName=CH4 Pin=U1-22
Added Pin To Net: NetName=GND Pin=U1-23
Added Pin To Net: NetName=VCC 3.6V Pin=U1-24
Added Pin To Net: NetName=CH_CHNG Pin=U1-25
Added Pin To Net: NetName=SCK Pin=U1-26
Added Pin To Net: NetName=MISO Pin=U1-27
Added Pin To Net: NetName=MOSI Pin=U1-28
Added Pin To Net: NetName=IRQ Pin=U1-29
Added Pin To Net: NetName=CE Pin=U1-30
Added Pin To Net: NetName=CSN Pin=U1-31
Added Pin To Net: NetName=SWDAT Pin=U1-34
Added Pin To Net: NetName=SWCLK Pin=U1-37
Added Pin To Net: NetName=NetR6_2 Pin=U1-44
Added Pin To Net: NetName=VOL_UP Pin=U1-45
Added Pin To Net: NetName=VOL_DWN Pin=U1-46
Added Pin To Net: NetName=GND Pin=U1-47
Added Pin To Net: NetName=VCC 3.6V Pin=U1-48
Added Member To Class: ClassName=Transmitter Member=Component C1 4.7u
Added Member To Class: ClassName=Transmitter Member=Component C2 4.7u
Added Member To Class: ClassName=Transmitter Member=Component C3 4.7u
Added Member To Class: ClassName=Transmitter Member=Component C4 1u
Added Member To Class: ClassName=Transmitter Member=Component C5 100u
Added Member To Class: ClassName=Transmitter Member=Component C6 100nF
Added Member To Class: ClassName=Transmitter Member=Component C7 100nF
Added Member To Class: ClassName=Transmitter Member=Component C8 20pF
Added Member To Class: ClassName=Transmitter Member=Component C10 100nF
Added Member To Class: ClassName=Transmitter Member=Component C12 100nF
Added Member To Class: ClassName=Transmitter Member=Component C13 100nF
Added Member To Class: ClassName=Transmitter Member=Component C14 1uF
Added Member To Class: ClassName=Transmitter Member=Component C15 100nF
Added Member To Class: ClassName=Transmitter Member=Component C16 4.7uF
Added Member To Class: ClassName=Transmitter Member=Component C17 100nF
Added Member To Class: ClassName=Transmitter Member=Component C18 100nF
Added Member To Class: ClassName=Transmitter Member=Component C19 100nF
Added Member To Class: ClassName=Transmitter Member=Component C20 1uF
Added Member To Class: ClassName=Transmitter Member=Component C21 100nF
Added Member To Class: ClassName=Transmitter Member=Component D1 MC34119
Added Member To Class: ClassName=Transmitter Member=Component D2 nrf24L01_modul
Added Member To Class: ClassName=Transmitter Member=Component D3 LED1
Added Member To Class: ClassName=Transmitter Member=Component D4 LED1
Added Member To Class: ClassName=Transmitter Member=Component L1 L_SMD_5mm
Added Member To Class: ClassName=Transmitter Member=Component P1 Battery
Added Member To Class: ClassName=Transmitter Member=Component P2 SWD
Added Member To Class: ClassName=Transmitter Member=Component Q1 8MHz
Added Member To Class: ClassName=Transmitter Member=Component R1 3k
Added Member To Class: ClassName=Transmitter Member=Component R2 
Added Member To Class: ClassName=Transmitter Member=Component R3 300
Added Member To Class: ClassName=Transmitter Member=Component R4 300
Added Member To Class: ClassName=Transmitter Member=Component R6 0
Added Member To Class: ClassName=Transmitter Member=Component R8 0
Added Member To Class: ClassName=Transmitter Member=Component R9 0
Added Member To Class: ClassName=Transmitter Member=Component R10 300
Added Member To Class: ClassName=Transmitter Member=Component R13 100
Added Member To Class: ClassName=Transmitter Member=Component R14 100
Added Member To Class: ClassName=Transmitter Member=Component R16 330
Added Member To Class: ClassName=Transmitter Member=Component R17 330
Added Member To Class: ClassName=Transmitter Member=Component R19 330
Added Member To Class: ClassName=Transmitter Member=Component R20 330
Added Member To Class: ClassName=Transmitter Member=Component SB1 TS-06
Added Member To Class: ClassName=Transmitter Member=Component SB2 TS06V
Added Member To Class: ClassName=Transmitter Member=Component SB3 TS06V
Added Member To Class: ClassName=Transmitter Member=Component U1 STM32F051C8T6
