Removed Pin From Net: NetName=VCCA 3.6V Pin=C5-1
Removed Pin From Net: NetName=GND Pin=C5-2
Removed Pin From Net: NetName=NetC10_1 Pin=C10-1
Removed Pin From Net: NetName=NetC10_2 Pin=C10-2
Removed Pin From Net: NetName=GND Pin=C11-1
Removed Pin From Net: NetName=OSC_IN Pin=C11-2
Removed Pin From Net: NetName=VCC 3.6V Pin=L1-1
Removed Pin From Net: NetName=NetC2_2 Pin=L1-2
Removed Pin From Net: NetName=VCC 3.6V Pin=L2-1
Removed Pin From Net: NetName=VCCA 3.6V Pin=L2-2
Removed Pin From Net: NetName=NetC10_1 Pin=R2-1
Removed Pin From Net: NetName=NetC9_2 Pin=R2-2
Added Component: Designator=C5(EL Case A (3216-18))
Added Component: Designator=C10(C_0805)
Added Component: Designator=C11(C_0805)
Added Component: Designator=L2(L_SMD_4.8)
Added Component: Designator=R2(R0805)
Added Pin To Net: NetName=VCCA 3.6V Pin=C5-1
Added Pin To Net: NetName=GND Pin=C5-2
Added Pin To Net: NetName=NetC10_1 Pin=C10-1
Added Pin To Net: NetName=NetC10_2 Pin=C10-2
Added Pin To Net: NetName=GND Pin=C11-1
Added Pin To Net: NetName=OSC_IN Pin=C11-2
Added Pin To Net: NetName=NetC10_1 Pin=R2-1
Added Pin To Net: NetName=NetC9_2 Pin=R2-2
Added Member To Class: ClassName=Transmitter Member=Component C5 4.7u
Added Member To Class: ClassName=Transmitter Member=Component C10 100nF
Added Member To Class: ClassName=Transmitter Member=Component C11 20pF
Added Member To Class: ClassName=Transmitter Member=Component L2 L_SMD_5mm
Added Member To Class: ClassName=Transmitter Member=Component R2 3k
